This is pdfTeX, Version 3.14159265-2.6-1.40.17 (TeX Live 2016) (preloaded format=pdflatex 2016.10.30)  5 JUN 2018 13:13
entering extended mode
 restricted \write18 enabled.
 %&-line parsing enabled.
**Vorlage_BA2_by.fat.tex
(./Vorlage_BA2_by.fat.tex
LaTeX2e <2016/03/31>
Babel <3.9r> and hyphenation patterns for 83 language(s) loaded.
(./misc/config.inc.tex
(/usr/local/texlive/2016/texmf-dist/tex/latex/koma-script/scrreprt.cls
Document Class: scrreprt 2016/05/10 v3.20 KOMA-Script document class (report)
(/usr/local/texlive/2016/texmf-dist/tex/latex/koma-script/scrkbase.sty
Package: scrkbase 2016/05/10 v3.20 KOMA-Script package (KOMA-Script-dependent b
asics and keyval usage)

(/usr/local/texlive/2016/texmf-dist/tex/latex/koma-script/scrbase.sty
Package: scrbase 2016/05/10 v3.20 KOMA-Script package (KOMA-Script-independent 
basics and keyval usage)

(/usr/local/texlive/2016/texmf-dist/tex/latex/graphics/keyval.sty
Package: keyval 2014/10/28 v1.15 key=value parser (DPC)
\KV@toks@=\toks14
)
(/usr/local/texlive/2016/texmf-dist/tex/latex/koma-script/scrlfile.sty
Package: scrlfile 2016/05/10 v3.20 KOMA-Script package (loading files)

Package scrlfile, 2016/05/10 v3.20 KOMA-Script package (loading files)
                  Copyright (C) Markus Kohm

))) (/usr/local/texlive/2016/texmf-dist/tex/latex/koma-script/tocbasic.sty
Package: tocbasic 2016/05/10 v3.20 KOMA-Script package (handling toc-files)
\scr@dte@tocline@numberwidth=\skip41
\scr@dte@tocline@numbox=\box26
)
Package tocbasic Info: omitting babel extension for `toc'
(tocbasic)             because of feature `nobabel' available
(tocbasic)             for `toc' on input line 132.
Package tocbasic Info: omitting babel extension for `lof'
(tocbasic)             because of feature `nobabel' available
(tocbasic)             for `lof' on input line 133.
Package tocbasic Info: omitting babel extension for `lot'
(tocbasic)             because of feature `nobabel' available
(tocbasic)             for `lot' on input line 134.
Package tocbasic Info: defining new hook before heading of `' on input line 160
5.
Class scrreprt Info: You've used standard option `oneside'.
(scrreprt)           This is correct!
(scrreprt)           Internally I'm using `twoside=false'.
(scrreprt)           If you'd like to set the option with \KOMAoptions,
(scrreprt)           you'd have to use `twoside=false' there
(scrreprt)           instead of `oneside', too.
Package scrreprt Info: You've used standard option `11pt'.
(scrreprt)             This is correct!
(scrreprt)             Internally I'm using `fontsize=11pt'.
(scrreprt)             If you'd like to set the option with \KOMAoptions,
(scrreprt)             you'd have to use `fontsize=11pt' there
(scrreprt)             instead of `11pt', too.


Class scrreprt Warning: You've used obsolete option `halfparskip'.
(scrreprt)              Usage of this option indicates an old document
(scrreprt)              and changes compatibility level using
(scrreprt)              `parskip=half,version=first,
(scrreprt)              enabledeprecatedfontcommands' that may result
(scrreprt)              in further warnings.
(scrreprt)              If you don't want this, you should simply
(scrreprt)              replace option `halfparskip' by `parskip=half'.

Class scrreprt Info: Switching compatibility level to `first'.

Class scrreprt Warning: deprecated option `enabledeprecatedfontcommands'.
(scrreprt)              Note, that this option was already depreacted when
(scrreprt)              it has been defined. Support for old font commands
(scrreprt)              has been removed from KOMA-Script more than one
(scrreprt)              decade ago. It is not recommended to use them any
(scrreprt)              longer. Therefore usage of this class option also
(scrreprt)              is not recommended.


Class scrreprt Warning: You've used obsolete option `pointlessnumbers'.
(scrreprt)              Usage of this option indicates an old document
(scrreprt)              and changes compatibility level using
(scrreprt)              `numbers=noenddot,version=first,
(scrreprt)              enabledeprecatedfontcommands' that may result
(scrreprt)              in further warnings.
(scrreprt)              If you don't want this, you should simply
(scrreprt)              replace option `pointlessnumbers' by `numbers=noenddot'
.

Class scrreprt Info: Switching compatibility level to `first'.

Class scrreprt Warning: deprecated option `enabledeprecatedfontcommands'.
(scrreprt)              Note, that this option was already depreacted when
(scrreprt)              it has been defined. Support for old font commands
(scrreprt)              has been removed from KOMA-Script more than one
(scrreprt)              decade ago. It is not recommended to use them any
(scrreprt)              longer. Therefore usage of this class option also
(scrreprt)              is not recommended.


Class scrreprt Warning: You've used obsolete option `bibtotoc'.
(scrreprt)              Usage of this option indicates an old document
(scrreprt)              and changes compatibility level using
(scrreprt)              `bibliography=totoc,version=first,
(scrreprt)              enabledeprecatedfontcommands' that may result
(scrreprt)              in further warnings.
(scrreprt)              If you don't want this, you should simply
(scrreprt)              replace option `bibtotoc' by `bibliography=totoc'.

Class scrreprt Info: Switching compatibility level to `first'.

Class scrreprt Warning: deprecated option `enabledeprecatedfontcommands'.
(scrreprt)              Note, that this option was already depreacted when
(scrreprt)              it has been defined. Support for old font commands
(scrreprt)              has been removed from KOMA-Script more than one
(scrreprt)              decade ago. It is not recommended to use them any
(scrreprt)              longer. Therefore usage of this class option also
(scrreprt)              is not recommended.


Class scrreprt Warning: You've used obsolete option `liststotoc'.
(scrreprt)              Usage of this option indicates an old document
(scrreprt)              and changes compatibility level using
(scrreprt)              `listof=totoc,version=first,
(scrreprt)              enabledeprecatedfontcommands' that may result
(scrreprt)              in further warnings.
(scrreprt)              If you don't want this, you should simply
(scrreprt)              replace option `liststotoc' by `listof=totoc'.

Class scrreprt Info: Switching compatibility level to `first'.

Class scrreprt Warning: deprecated option `enabledeprecatedfontcommands'.
(scrreprt)              Note, that this option was already depreacted when
(scrreprt)              it has been defined. Support for old font commands
(scrreprt)              has been removed from KOMA-Script more than one
(scrreprt)              decade ago. It is not recommended to use them any
(scrreprt)              longer. Therefore usage of this class option also
(scrreprt)              is not recommended.

Class scrreprt Info: File `scrsize11pt.clo' used to setup font sizes on input l
ine 2265.
(/usr/local/texlive/2016/texmf-dist/tex/latex/koma-script/scrsize11pt.clo
File: scrsize11pt.clo 2016/05/10 v3.20 KOMA-Script font size class option (11pt
)
)
(/usr/local/texlive/2016/texmf-dist/tex/latex/koma-script/typearea.sty
Package: typearea 2016/05/10 v3.20 KOMA-Script package (type area)

Package typearea, 2016/05/10 v3.20 KOMA-Script package (type area)
                  Copyright (C) Frank Neukam, 1992-1994
                  Copyright (C) Markus Kohm, 1994-

\ta@bcor=\skip42
\ta@div=\count79
Package typearea Info: You've used standard option `a4paper'.
(typearea)             This is correct!
(typearea)             Internally I'm using `paper=a4'.
(typearea)             If you'd like to set the option with \KOMAoptions,
(typearea)             you'd have to use `paper=a4' there
(typearea)             instead of `a4paper', too.
Package typearea Info: You've used standard option `oneside'.
(typearea)             This is correct!
(typearea)             Internally I'm using `twoside=false'.
(typearea)             If you'd like to set the option with \KOMAoptions,
(typearea)             you'd have to use `twoside=false' there
(typearea)             instead of `oneside', too.
Package typearea Info: You've used standard option `pdftex'.
(typearea)             This is correct!
(typearea)             Internally I'm using `pagesize=pdftex'.
(typearea)             If you'd like to set the option with \KOMAoptions,
(typearea)             you'd have to use `pagesize=pdftex' there
(typearea)             instead of `pdftex', too.
\ta@hblk=\skip43
\ta@vblk=\skip44
\ta@temp=\skip45
\footheight=\skip46
Package typearea Info: These are the values describing the layout:
(typearea)             DIV  = 10
(typearea)             BCOR = 0.0pt
(typearea)             \paperwidth      = 597.50793pt
(typearea)              \textwidth      = 418.25555pt
(typearea)              DIV departure   = -6%
(typearea)              \evensidemargin = 17.3562pt
(typearea)              \oddsidemargin  = 17.3562pt
(typearea)             \paperheight     = 845.04694pt
(typearea)              \textheight     = 555.00024pt
(typearea)              \topmargin      = 12.2347pt
(typearea)              \headheight     = 17.0pt
(typearea)              \headsep        = 20.40001pt
(typearea)              \topskip        = 11.0pt
(typearea)              \footskip       = 47.6pt
(typearea)              \baselineskip   = 13.6pt
(typearea)              on input line 1528.
)
\c@part=\count80
\c@chapter=\count81
\c@section=\count82
\c@subsection=\count83
\c@subsubsection=\count84
\c@paragraph=\count85
\c@subparagraph=\count86
\scr@dte@part@maxnumwidth=\skip47
\scr@dte@chapter@maxnumwidth=\skip48
\scr@dte@section@maxnumwidth=\skip49
\scr@dte@subsection@maxnumwidth=\skip50
\scr@dte@subsubsection@maxnumwidth=\skip51
\scr@dte@paragraph@maxnumwidth=\skip52
\scr@dte@subparagraph@maxnumwidth=\skip53
LaTeX Info: Redefining \textsubscript on input line 4769.
\abovecaptionskip=\skip54
\belowcaptionskip=\skip55
\c@pti@nb@sid@b@x=\box27
\c@figure=\count87
\c@table=\count88
Class scrreprt Info: Redefining `\numberline' on input line 5764.
\bibindent=\dimen102
) (/usr/local/texlive/2016/texmf-dist/tex/latex/cmap/cmap.sty
Package: cmap 2008/03/06 v1.0h CMap support: searchable PDF
)
(/usr/local/texlive/2016/texmf-dist/tex/latex/base/fontenc.sty
Package: fontenc 2005/09/27 v1.99g Standard LaTeX package

(/usr/local/texlive/2016/texmf-dist/tex/latex/base/t1enc.def
File: t1enc.def 2005/09/27 v1.99g Standard LaTeX file
LaTeX Font Info:    Redeclaring font encoding T1 on input line 48.
)<<t1.cmap>>)
(/usr/local/texlive/2016/texmf-dist/tex/latex/ucs/ucs.sty
Package: ucs 2013/05/11 v2.2 UCS: Unicode input support

(/usr/local/texlive/2016/texmf-dist/tex/latex/ucs/data/uni-global.def
File: uni-global.def 2013/05/13 UCS: Unicode global data
)
\uc@secondtry=\count89
\uc@combtoks=\toks15
\uc@combtoksb=\toks16
\uc@temptokena=\toks17
)
(/usr/local/texlive/2016/texmf-dist/tex/latex/base/inputenc.sty
Package: inputenc 2015/03/17 v1.2c Input encoding file
\inpenc@prehook=\toks18
\inpenc@posthook=\toks19

(/usr/local/texlive/2016/texmf-dist/tex/latex/ucs/utf8x.def
File: utf8x.def 2004/10/17 UCS: Input encoding UTF-8
))
(/usr/local/texlive/2016/texmf-dist/tex/generic/babel/babel.sty
Package: babel 2016/04/23 3.9r The Babel package

(/usr/local/texlive/2016/texmf-dist/tex/generic/babel-english/english.ldf
Language: english 2012/08/20 v3.3p English support from the babel system

(/usr/local/texlive/2016/texmf-dist/tex/generic/babel/babel.def
File: babel.def 2016/04/23 3.9r Babel common definitions
\babel@savecnt=\count90
\U@D=\dimen103
)
\l@canadian = a dialect from \language\l@american 
\l@australian = a dialect from \language\l@british 
\l@newzealand = a dialect from \language\l@british 
)
(/usr/local/texlive/2016/texmf-dist/tex/generic/babel-german/ngerman.ldf
Language: ngerman 2013/12/13 v2.7 German support for babel (new orthography)

(/usr/local/texlive/2016/texmf-dist/tex/generic/babel-german/ngermanb.ldf
Language: ngermanb 2013/12/13 v2.7 German support for babel (new orthography)
\l@naustrian = a dialect from \language\l@ngerman 
\l@nswissgerman = a dialect from \language\l@ngerman 
Package babel Info: Making " an active character on input line 88.
)))
(/usr/local/texlive/2016/texmf-dist/tex/latex/lm/lmodern.sty
Package: lmodern 2009/10/30 v1.6 Latin Modern Fonts
LaTeX Font Info:    Overwriting symbol font `operators' in version `normal'
(Font)                  OT1/cmr/m/n --> OT1/lmr/m/n on input line 22.
LaTeX Font Info:    Overwriting symbol font `letters' in version `normal'
(Font)                  OML/cmm/m/it --> OML/lmm/m/it on input line 23.
LaTeX Font Info:    Overwriting symbol font `symbols' in version `normal'
(Font)                  OMS/cmsy/m/n --> OMS/lmsy/m/n on input line 24.
LaTeX Font Info:    Overwriting symbol font `largesymbols' in version `normal'
(Font)                  OMX/cmex/m/n --> OMX/lmex/m/n on input line 25.
LaTeX Font Info:    Overwriting symbol font `operators' in version `bold'
(Font)                  OT1/cmr/bx/n --> OT1/lmr/bx/n on input line 26.
LaTeX Font Info:    Overwriting symbol font `letters' in version `bold'
(Font)                  OML/cmm/b/it --> OML/lmm/b/it on input line 27.
LaTeX Font Info:    Overwriting symbol font `symbols' in version `bold'
(Font)                  OMS/cmsy/b/n --> OMS/lmsy/b/n on input line 28.
LaTeX Font Info:    Overwriting symbol font `largesymbols' in version `bold'
(Font)                  OMX/cmex/m/n --> OMX/lmex/m/n on input line 29.
LaTeX Font Info:    Overwriting math alphabet `\mathbf' in version `normal'
(Font)                  OT1/cmr/bx/n --> OT1/lmr/bx/n on input line 31.
LaTeX Font Info:    Overwriting math alphabet `\mathsf' in version `normal'
(Font)                  OT1/cmss/m/n --> OT1/lmss/m/n on input line 32.
LaTeX Font Info:    Overwriting math alphabet `\mathit' in version `normal'
(Font)                  OT1/cmr/m/it --> OT1/lmr/m/it on input line 33.
LaTeX Font Info:    Overwriting math alphabet `\mathtt' in version `normal'
(Font)                  OT1/cmtt/m/n --> OT1/lmtt/m/n on input line 34.
LaTeX Font Info:    Overwriting math alphabet `\mathbf' in version `bold'
(Font)                  OT1/cmr/bx/n --> OT1/lmr/bx/n on input line 35.
LaTeX Font Info:    Overwriting math alphabet `\mathsf' in version `bold'
(Font)                  OT1/cmss/bx/n --> OT1/lmss/bx/n on input line 36.
LaTeX Font Info:    Overwriting math alphabet `\mathit' in version `bold'
(Font)                  OT1/cmr/bx/it --> OT1/lmr/bx/it on input line 37.
LaTeX Font Info:    Overwriting math alphabet `\mathtt' in version `bold'
(Font)                  OT1/cmtt/m/n --> OT1/lmtt/m/n on input line 38.
)
(/usr/local/texlive/2016/texmf-dist/tex/latex/psnfss/palatino.sty
Package: palatino 2005/04/12 PSNFSS-v9.2a (SPQR) 
)
(/usr/local/texlive/2016/texmf-dist/tex/generic/oberdiek/ifpdf.sty
Package: ifpdf 2016/05/14 v3.1 Provides the ifpdf switch
)
(/usr/local/texlive/2016/texmf-dist/tex/latex/url/url.sty
\Urlmuskip=\muskip10
Package: url 2013/09/16  ver 3.4  Verb mode for urls, etc.
)
(/usr/local/texlive/2016/texmf-dist/tex/latex/graphics/graphicx.sty
Package: graphicx 2014/10/28 v1.0g Enhanced LaTeX Graphics (DPC,SPQR)

(/usr/local/texlive/2016/texmf-dist/tex/latex/graphics/graphics.sty
Package: graphics 2016/05/09 v1.0r Standard LaTeX Graphics (DPC,SPQR)

(/usr/local/texlive/2016/texmf-dist/tex/latex/graphics/trig.sty
Package: trig 2016/01/03 v1.10 sin cos tan (DPC)
)
(/usr/local/texlive/2016/texmf-dist/tex/latex/graphics-cfg/graphics.cfg
File: graphics.cfg 2016/01/02 v1.10 sample graphics configuration
)
Package graphics Info: Driver file: pdftex.def on input line 96.

(/usr/local/texlive/2016/texmf-dist/tex/latex/pdftex-def/pdftex.def
File: pdftex.def 2011/05/27 v0.06d Graphics/color for pdfTeX

(/usr/local/texlive/2016/texmf-dist/tex/generic/oberdiek/infwarerr.sty
Package: infwarerr 2016/05/16 v1.4 Providing info/warning/error messages (HO)
)
(/usr/local/texlive/2016/texmf-dist/tex/generic/oberdiek/ltxcmds.sty
Package: ltxcmds 2016/05/16 v1.23 LaTeX kernel commands for general use (HO)
)
\Gread@gobject=\count91
))
\Gin@req@height=\dimen104
\Gin@req@width=\dimen105
)
(/usr/local/texlive/2016/texmf-dist/tex/latex/graphics/color.sty
Package: color 2016/05/09 v1.1c Standard LaTeX Color (DPC)

(/usr/local/texlive/2016/texmf-dist/tex/latex/graphics-cfg/color.cfg
File: color.cfg 2016/01/02 v1.6 sample color configuration
)
Package color Info: Driver file: pdftex.def on input line 144.
)
(/usr/local/texlive/2016/texmf-dist/tex/latex/lipsum/lipsum.sty
Package: lipsum 2014/07/27 v1.3 150 paragraphs of Lorem Ipsum dummy text
\c@lips@count=\count92
)
(/usr/local/texlive/2016/texmf-dist/tex/latex/texlogos/texlogos.sty
Package: texlogos 2006/01/09 ver.1.3.1 by Jacek Ruzyczka

(/usr/local/texlive/2016/texmf-dist/tex/latex/amsmath/amsmath.sty
Package: amsmath 2016/03/10 v2.15b AMS math features
\@mathmargin=\skip56

For additional information on amsmath, use the `?' option.
(/usr/local/texlive/2016/texmf-dist/tex/latex/amsmath/amstext.sty
Package: amstext 2000/06/29 v2.01 AMS text

(/usr/local/texlive/2016/texmf-dist/tex/latex/amsmath/amsgen.sty
File: amsgen.sty 1999/11/30 v2.0 generic functions
\@emptytoks=\toks20
\ex@=\dimen106
))
(/usr/local/texlive/2016/texmf-dist/tex/latex/amsmath/amsbsy.sty
Package: amsbsy 1999/11/29 v1.2d Bold Symbols
\pmbraise@=\dimen107
)
(/usr/local/texlive/2016/texmf-dist/tex/latex/amsmath/amsopn.sty
Package: amsopn 2016/03/08 v2.02 operator names
)
\inf@bad=\count93
LaTeX Info: Redefining \frac on input line 199.
\uproot@=\count94
\leftroot@=\count95
LaTeX Info: Redefining \overline on input line 297.
\classnum@=\count96
\DOTSCASE@=\count97
LaTeX Info: Redefining \ldots on input line 394.
LaTeX Info: Redefining \dots on input line 397.
LaTeX Info: Redefining \cdots on input line 518.
\Mathstrutbox@=\box28
\strutbox@=\box29
\big@size=\dimen108
LaTeX Font Info:    Redeclaring font encoding OML on input line 634.
LaTeX Font Info:    Redeclaring font encoding OMS on input line 635.
\macc@depth=\count98
\c@MaxMatrixCols=\count99
\dotsspace@=\muskip11
\c@parentequation=\count100
\dspbrk@lvl=\count101
\tag@help=\toks21
\row@=\count102
\column@=\count103
\maxfields@=\count104
\andhelp@=\toks22
\eqnshift@=\dimen109
\alignsep@=\dimen110
\tagshift@=\dimen111
\tagwidth@=\dimen112
\totwidth@=\dimen113
\lineht@=\dimen114
\@envbody=\toks23
\multlinegap=\skip57
\multlinetaggap=\skip58
\mathdisplay@stack=\toks24
LaTeX Info: Redefining \[ on input line 2739.
LaTeX Info: Redefining \] on input line 2740.
)
(/usr/local/texlive/2016/texmf-dist/tex/latex/base/ifthen.sty
Package: ifthen 2014/09/29 v1.1c Standard LaTeX ifthen package (DPC)
))
(/usr/local/texlive/2016/texmf-dist/tex/latex/eurosym/eurosym.sty
Package: eurosym 1998/08/06 v1.1 European currency symbol ``Euro''
\@eurobox=\box30
)
(/usr/local/texlive/2016/texmf-dist/tex/latex/setspace/setspace.sty
Package: setspace 2011/12/19 v6.7a set line spacing
)
(/usr/local/texlive/2016/texmf-dist/tex/latex/microtype/microtype.sty
Package: microtype 2016/05/14 v2.6a Micro-typographical refinements (RS)
\MT@toks=\toks25
\MT@count=\count105
LaTeX Info: Redefining \textls on input line 774.
\MT@outer@kern=\dimen115
LaTeX Info: Redefining \textmicrotypecontext on input line 1310.
\MT@listname@count=\count106

(/usr/local/texlive/2016/texmf-dist/tex/latex/microtype/microtype-pdftex.def
File: microtype-pdftex.def 2016/05/14 v2.6a Definitions specific to pdftex (RS)

LaTeX Info: Redefining \lsstyle on input line 916.
LaTeX Info: Redefining \lslig on input line 916.
\MT@outer@space=\skip59
)
Package microtype Info: Loading configuration file microtype.cfg.

(/usr/local/texlive/2016/texmf-dist/tex/latex/microtype/microtype.cfg
File: microtype.cfg 2016/05/14 v2.6a microtype main configuration file (RS)
))
(/usr/local/texlive/2016/texmf-dist/tex/latex/romannum/romannum.sty
Package: romannum 2009/09/03 v1.0b roman numerals

(/usr/local/texlive/2016/texmf-dist/tex/latex/stdclsdv/stdclsdv.sty
Package: stdclsdv 2009/09/04 v1.1a Sectional divisions
))
(/usr/local/texlive/2016/texmf-dist/tex/latex/listings/listings.sty
\lst@mode=\count107
\lst@gtempboxa=\box31
\lst@token=\toks26
\lst@length=\count108
\lst@currlwidth=\dimen116
\lst@column=\count109
\lst@pos=\count110
\lst@lostspace=\dimen117
\lst@width=\dimen118
\lst@newlines=\count111
\lst@lineno=\count112
\lst@maxwidth=\dimen119

(/usr/local/texlive/2016/texmf-dist/tex/latex/listings/lstmisc.sty
File: lstmisc.sty 2015/06/04 1.6 (Carsten Heinz)
\c@lstnumber=\count113
\lst@skipnumbers=\count114
\lst@framebox=\box32
)
(/usr/local/texlive/2016/texmf-dist/tex/latex/listings/listings.cfg
File: listings.cfg 2015/06/04 1.6 listings configuration
))
Package: listings 2015/06/04 1.6 (Carsten Heinz)

(/usr/local/texlive/2016/texmf-dist/tex/latex/listings/lstlang1.sty
File: lstlang1.sty 2015/06/04 1.6 listings language file
)
(/usr/local/texlive/2016/texmf-dist/tex/latex/listings/lstlang2.sty
File: lstlang2.sty 2015/06/04 1.6 listings language file
)
(/usr/local/texlive/2016/texmf-dist/tex/latex/natbib/natbib.sty
Package: natbib 2010/09/13 8.31b (PWD, AO)
\bibhang=\skip60
\bibsep=\skip61
LaTeX Info: Redefining \cite on input line 694.
\c@NAT@ctr=\count115

Local config file natbib.cfg used
(./natbib.cfg))
Package scrkbase Info: You've told me to redefine the font selection of the
(scrkbase)             element `pagehead' that is an alias of element
(scrkbase)             `pageheadfoot' on input line 91.

(/usr/local/texlive/2016/texmf-dist/tex/latex/caption/caption.sty
Package: caption 2016/02/21 v3.3-144 Customizing captions (AR)

(/usr/local/texlive/2016/texmf-dist/tex/latex/caption/caption3.sty
Package: caption3 2016/02/04 v1.7-139 caption3 kernel (AR)
Package caption3 Info: TeX engine: e-TeX on input line 67.
\captionmargin=\dimen120
\captionmargin@=\dimen121
\captionwidth=\dimen122
\caption@tempdima=\dimen123
\caption@indent=\dimen124
\caption@parindent=\dimen125
\caption@hangindent=\dimen126
)
Package caption Info: KOMA-Script document class.
\c@ContinuedFloat=\count116
Package caption Info: listings package is loaded.
))
(./misc/config.pdf.tex
(/usr/local/texlive/2016/texmf-dist/tex/latex/hyperref/hyperref.sty
Package: hyperref 2016/05/05 v6.83n Hypertext links for LaTeX

(/usr/local/texlive/2016/texmf-dist/tex/generic/oberdiek/hobsub-hyperref.sty
Package: hobsub-hyperref 2016/05/16 v1.14 Bundle oberdiek, subset hyperref (HO)


(/usr/local/texlive/2016/texmf-dist/tex/generic/oberdiek/hobsub-generic.sty
Package: hobsub-generic 2016/05/16 v1.14 Bundle oberdiek, subset generic (HO)
Package: hobsub 2016/05/16 v1.14 Construct package bundles (HO)
Package hobsub Info: Skipping package `infwarerr' (already loaded).
Package hobsub Info: Skipping package `ltxcmds' (already loaded).
Package: ifluatex 2016/05/16 v1.4 Provides the ifluatex switch (HO)
Package ifluatex Info: LuaTeX not detected.
Package: ifvtex 2016/05/16 v1.6 Detect VTeX and its facilities (HO)
Package ifvtex Info: VTeX not detected.
Package: intcalc 2016/05/16 v1.2 Expandable calculations with integers (HO)
Package hobsub Info: Skipping package `ifpdf' (already loaded).
Package: etexcmds 2016/05/16 v1.6 Avoid name clashes with e-TeX commands (HO)
Package etexcmds Info: Could not find \expanded.
(etexcmds)             That can mean that you are not using pdfTeX 1.50 or
(etexcmds)             that some package has redefined \expanded.
(etexcmds)             In the latter case, load this package earlier.
Package: kvsetkeys 2016/05/16 v1.17 Key value parser (HO)
Package: kvdefinekeys 2016/05/16 v1.4 Define keys (HO)
Package: pdftexcmds 2016/05/10 v0.21 Utility functions of pdfTeX for LuaTeX (HO
)
Package pdftexcmds Info: LuaTeX not detected.
Package pdftexcmds Info: \pdf@primitive is available.
Package pdftexcmds Info: \pdf@ifprimitive is available.
Package pdftexcmds Info: \pdfdraftmode found.
Package: pdfescape 2016/05/16 v1.14 Implements pdfTeX's escape features (HO)
Package: bigintcalc 2016/05/16 v1.4 Expandable calculations on big integers (HO
)
Package: bitset 2016/05/16 v1.2 Handle bit-vector datatype (HO)
Package: uniquecounter 2016/05/16 v1.3 Provide unlimited unique counter (HO)
)
Package hobsub Info: Skipping package `hobsub' (already loaded).
Package: letltxmacro 2016/05/16 v1.5 Let assignment for LaTeX macros (HO)
Package: hopatch 2016/05/16 v1.3 Wrapper for package hooks (HO)
Package: xcolor-patch 2016/05/16 xcolor patch
Package: atveryend 2016/05/16 v1.9 Hooks at the very end of document (HO)
Package atveryend Info: \enddocument detected (standard20110627).
Package: atbegshi 2016/05/16 v1.17 At begin shipout hook (HO)
Package: refcount 2016/05/16 v3.5 Data extraction from label references (HO)
Package: hycolor 2016/05/16 v1.8 Color options for hyperref/bookmark (HO)
)
(/usr/local/texlive/2016/texmf-dist/tex/generic/ifxetex/ifxetex.sty
Package: ifxetex 2010/09/12 v0.6 Provides ifxetex conditional
)
(/usr/local/texlive/2016/texmf-dist/tex/latex/oberdiek/auxhook.sty
Package: auxhook 2016/05/16 v1.4 Hooks for auxiliary files (HO)
)
(/usr/local/texlive/2016/texmf-dist/tex/latex/oberdiek/kvoptions.sty
Package: kvoptions 2016/05/16 v3.12 Key value format for package options (HO)
)
\@linkdim=\dimen127
\Hy@linkcounter=\count117
\Hy@pagecounter=\count118

(/usr/local/texlive/2016/texmf-dist/tex/latex/hyperref/pd1enc.def
File: pd1enc.def 2016/05/05 v6.83n Hyperref: PDFDocEncoding definition (HO)
)
\Hy@SavedSpaceFactor=\count119

(/usr/local/texlive/2016/texmf-dist/tex/latex/latexconfig/hyperref.cfg
File: hyperref.cfg 2002/06/06 v1.2 hyperref configuration of TeXLive
)
Package hyperref Info: Option `pdfa' set `true' on input line 4322.
Package hyperref Info: Hyper figures OFF on input line 4446.
Package hyperref Info: Link nesting OFF on input line 4451.
Package hyperref Info: Hyper index ON on input line 4454.
Package hyperref Info: Plain pages OFF on input line 4461.
Package hyperref Info: Backreferencing ON on input line 4464.
Package hyperref Info: Implicit mode ON; LaTeX internals redefined.
Package hyperref Info: Bookmarks ON on input line 4691.

(/usr/local/texlive/2016/texmf-dist/tex/latex/hyperref/backref.sty
Package: backref 2012/07/25 v1.38 Bibliographical back referencing

(/usr/local/texlive/2016/texmf-dist/tex/latex/oberdiek/rerunfilecheck.sty
Package: rerunfilecheck 2016/05/16 v1.8 Rerun checks for auxiliary files (HO)
Package uniquecounter Info: New unique counter `rerunfilecheck' on input line 2
82.
))
\c@Hy@tempcnt=\count120
LaTeX Info: Redefining \url on input line 5044.
\XeTeXLinkMargin=\dimen128
\Fld@menulength=\count121
\Field@Width=\dimen129
\Fld@charsize=\dimen130
Package hyperref Info: Hyper figures OFF on input line 6298.
Package hyperref Info: Link nesting OFF on input line 6303.
Package hyperref Info: Hyper index ON on input line 6306.
Package hyperref Info: backreferencing ON on input line 6311.
Package hyperref Info: Link coloring OFF on input line 6318.
Package hyperref Info: Link coloring with OCG OFF on input line 6323.
Package hyperref Info: PDF/A mode ON on input line 6326.
LaTeX Info: Redefining \ref on input line 6368.
LaTeX Info: Redefining \pageref on input line 6372.
\Hy@abspage=\count122
\c@Item=\count123
\c@Hfootnote=\count124
)

Package hyperref Message: Driver: hpdftex.

(/usr/local/texlive/2016/texmf-dist/tex/latex/hyperref/hpdftex.def
File: hpdftex.def 2016/05/05 v6.83n Hyperref driver for pdfTeX


Package hyperref Warning: The PDF version number could not be set,
(hyperref)                because some PDF objects are already written:
(hyperref)                  1 PDF object
(hyperref)                The version should be set as early as possible:
(hyperref)                  \pdfminorversion=4\relax
(hyperref)                  \pdfobjcompresslevel=0\relax
(hyperref)                Or \RequirePackage{pdf14} can be used
(hyperref)                before \documentclass as shortcut.

Package hyperref Info: \pdfminorversion:=4 on input line 215.
\Fld@listcount=\count125
\c@bookmark@seq@number=\count126
\Hy@SectionHShift=\skip62
)
Package hyperref Info: Option `plainpages' set `false' on input line 35.
 (/usr/local/texlive/2016/texmf-dist/tex/latex/ucs/data/uni-0.def
File: uni-0.def 2013/05/13 UCS: Unicode data U+0000..U+00FF
)
Package hyperref Info: Option `colorlinks' set `true' on input line 35.


Package hyperref Warning: Option `a4paper' is no longer used.

Package hyperref Info: Option `breaklinks' set `true' on input line 35.
Package hyperref Info: Option `bookmarksopen' set `true' on input line 35.
Package hyperref Info: Option `bookmarksnumbered' set `true' on input line 35.
Package hyperref Info: Option `pdfmenubar' set `true' on input line 35.
Package hyperref Info: Option `pdfwindowui' set `true' on input line 35.
Package hyperref Info: Option `pdffitwindow' set `true' on input line 35.
(/usr/local/texlive/2016/texmf-dist/tex/latex/glossaries/base/glossaries.sty
Package: glossaries 2016/04/30 v4.23 (NLCT)

(/usr/local/texlive/2016/texmf-dist/tex/latex/xkeyval/xkeyval.sty
Package: xkeyval 2014/12/03 v2.7a package option processing (HA)

(/usr/local/texlive/2016/texmf-dist/tex/generic/xkeyval/xkeyval.tex
(/usr/local/texlive/2016/texmf-dist/tex/generic/xkeyval/xkvutils.tex
\XKV@toks=\toks27
\XKV@tempa@toks=\toks28
)
\XKV@depth=\count127
File: xkeyval.tex 2014/12/03 v2.7a key=value parser (HA)
))
(/usr/local/texlive/2016/texmf-dist/tex/latex/mfirstuc/mfirstuc.sty
Package: mfirstuc 2015/12/17 v2.02 (NLCT)

(/usr/local/texlive/2016/texmf-dist/tex/latex/etoolbox/etoolbox.sty
Package: etoolbox 2015/08/02 v2.2a e-TeX tools for LaTeX (JAW)
\etb@tempcnta=\count128
)
\@glsmfirst=\toks29
\@glsmrest=\toks30
)
(/usr/local/texlive/2016/texmf-dist/tex/latex/textcase/textcase.sty
Package: textcase 2004/10/07 v0.07 Text only upper/lower case changing (DPC)
)
(/usr/local/texlive/2016/texmf-dist/tex/latex/xfor/xfor.sty
Package: xfor 2009/02/05 v1.05 (NLCT)
)
(/usr/local/texlive/2016/texmf-dist/tex/latex/datatool/datatool-base.sty
Package: datatool-base 2016/01/18 v2.25 (NLCT)

(/usr/local/texlive/2016/texmf-dist/tex/latex/substr/substr.sty
Package: substr 2009/10/20 v1.2 Handle substrings
\c@su@anzahl=\count129
)
(/usr/local/texlive/2016/texmf-dist/tex/latex/datatool/datatool-fp.sty
Package: datatool-fp 2016/01/18 v2.25 (NLCT)

(/usr/local/texlive/2016/texmf-dist/tex/latex/fp/fp.sty
Package: fp 1995/04/02

`Fixed Point Package', Version 0.8, April 2, 1995 (C) Michael Mehlich
(/usr/local/texlive/2016/texmf-dist/tex/latex/fp/defpattern.sty
Package: defpattern 1994/10/12
\actioncount=\count130
)
(/usr/local/texlive/2016/texmf-dist/tex/latex/fp/fp-basic.sty
Package: fp-basic 1996/05/13
\FP@xs=\count131
\FP@xia=\count132
\FP@xib=\count133
\FP@xfa=\count134
\FP@xfb=\count135
\FP@rega=\count136
\FP@regb=\count137
\FP@regs=\count138
\FP@times=\count139
)
(/usr/local/texlive/2016/texmf-dist/tex/latex/fp/fp-addons.sty
Package: fp-addons 1995/03/15
)
(/usr/local/texlive/2016/texmf-dist/tex/latex/fp/fp-snap.sty
Package: fp-snap 1995/04/05
)
(/usr/local/texlive/2016/texmf-dist/tex/latex/fp/fp-exp.sty
Package: fp-exp 1995/04/03
)
(/usr/local/texlive/2016/texmf-dist/tex/latex/fp/fp-trigo.sty
Package: fp-trigo 1995/04/14
)
(/usr/local/texlive/2016/texmf-dist/tex/latex/fp/fp-pas.sty
Package: fp-pas 1994/08/29
)
(/usr/local/texlive/2016/texmf-dist/tex/latex/fp/fp-random.sty
Package: fp-random 1995/02/23
\FPseed=\count140
)
(/usr/local/texlive/2016/texmf-dist/tex/latex/fp/fp-eqn.sty
Package: fp-eqn 1995/04/03
)
(/usr/local/texlive/2016/texmf-dist/tex/latex/fp/fp-upn.sty
Package: fp-upn 1996/10/21
)
(/usr/local/texlive/2016/texmf-dist/tex/latex/fp/fp-eval.sty
Package: fp-eval 1995/04/03
)))
\@dtl@toks=\toks31
\@dtl@tmpcount=\count141
\dtl@tmplength=\skip63
\dtl@sortresult=\count142
\@dtl@numgrpsepcount=\count143
\@dtl@datatype=\count144
\dtl@codeA=\count145
\dtl@codeB=\count146
\@dtl@foreach@level=\count147
)
(/usr/local/texlive/2016/texmf-dist/tex/latex/glossaries/base/glossaries-compat
ible-307.sty
Package: glossaries-compatible-307 2016/04/30 v4.23 (NLCT)
)
(/usr/local/texlive/2016/texmf-dist/tex/latex/tracklang/tracklang.sty
Package: tracklang 2015/03/23 v1.2 (NLCT) Track Languages

(/usr/local/texlive/2016/texmf-dist/tex/generic/tracklang/tracklang.tex))
(/usr/local/texlive/2016/texmf-dist/tex/latex/beamer/translator/translator.sty
Package: translator 2010/06/12 ver 1.10

(/usr/local/texlive/2016/texmf-dist/tex/latex/beamer/translator/translator-lang
uage-mappings.tex))
(/usr/local/texlive/2016/texmf-dist/tex/latex/glossaries-german/glossaries-germ
an.ldf
File: glossaries-german.ldf 2014/11/23 v1.0
)
(/usr/local/texlive/2016/texmf-dist/tex/latex/glossaries-english/glossaries-eng
lish.ldf
File: glossaries-english.ldf 2014/11/23 v1.0
)
\gls@level=\count148
\@gls@tmpb=\toks32
\gls@tmplen=\skip64
\glskeylisttok=\toks33
\glslabeltok=\toks34
\glsshorttok=\toks35
\glslongtok=\toks36

(/usr/local/texlive/2016/texmf-dist/tex/latex/glossaries/styles/glossary-hypern
av.sty
Package: glossary-hypernav 2016/04/30 v4.23 (NLCT)
)
(/usr/local/texlive/2016/texmf-dist/tex/latex/glossaries/styles/glossary-list.s
ty
Package: glossary-list 2016/04/30 v4.23 (NLCT)
\glslistdottedwidth=\skip65
)
(/usr/local/texlive/2016/texmf-dist/tex/latex/glossaries/styles/glossary-long.s
ty
Package: glossary-long 2016/04/30 v4.23 (NLCT)
 (/usr/local/texlive/2016/texmf-dist/tex/latex/tools/longtable.sty
Package: longtable 2014/10/28 v4.11 Multi-page Table package (DPC)
\LTleft=\skip66
\LTright=\skip67
\LTpre=\skip68
\LTpost=\skip69
\LTchunksize=\count149
\LTcapwidth=\dimen131
\LT@head=\box33
\LT@firsthead=\box34
\LT@foot=\box35
\LT@lastfoot=\box36
\LT@cols=\count150
\LT@rows=\count151
\c@LT@tables=\count152
\c@LT@chunks=\count153
\LT@p@ftn=\toks37
)
Class scrreprt Info: longtable captions redefined on input line 43.
\glsdescwidth=\skip70
\glspagelistwidth=\skip71
)
(/usr/local/texlive/2016/texmf-dist/tex/latex/glossaries/styles/glossary-super.
sty
Package: glossary-super 2016/04/30 v4.23 (NLCT)
 (/usr/local/texlive/2016/texmf-dist/tex/latex/supertabular/supertabular.sty
Package: supertabular 2004/02/20 v4.1e the supertabular environment
\c@tracingst=\count154
\ST@wd=\dimen132
\ST@rightskip=\skip72
\ST@leftskip=\skip73
\ST@parfillskip=\skip74
\ST@pageleft=\dimen133
\ST@headht=\dimen134
\ST@tailht=\dimen135
\ST@pagesofar=\dimen136
\ST@pboxht=\dimen137
\ST@lineht=\dimen138
\ST@stretchht=\dimen139
\ST@prevht=\dimen140
\ST@toadd=\dimen141
\ST@dimen=\dimen142
\ST@pbox=\box37
))
(/usr/local/texlive/2016/texmf-dist/tex/latex/glossaries/styles/glossary-tree.s
ty
Package: glossary-tree 2016/04/30 v4.23 (NLCT)
\glstreeindent=\skip75
))) (./content/glossary.tex
\@indexfile=\write3
\openout3 = `Vorlage_BA2_by.fat.idx'.


Writing index file Vorlage_BA2_by.fat.idx
\glswrite=\write4
\glo@main@file=\write5
\openout5 = `Vorlage_BA2_by.fat.glo'.

Package glossaries Info: Writing glossary file Vorlage_BA2_by.fat.glo on input 
line 23.
) (./Vorlage_BA2_by.fat.aux

LaTeX Warning: Label `my-label' multiply defined.


LaTeX Warning: Label `my-label' multiply defined.

)
\openout1 = `Vorlage_BA2_by.fat.aux'.

LaTeX Font Info:    Checking defaults for OML/cmm/m/it on input line 41.
LaTeX Font Info:    ... okay on input line 41.
LaTeX Font Info:    Checking defaults for T1/cmr/m/n on input line 41.
LaTeX Font Info:    ... okay on input line 41.
LaTeX Font Info:    Checking defaults for OT1/cmr/m/n on input line 41.
LaTeX Font Info:    ... okay on input line 41.
LaTeX Font Info:    Checking defaults for OMS/cmsy/m/n on input line 41.
LaTeX Font Info:    ... okay on input line 41.
LaTeX Font Info:    Checking defaults for OMX/cmex/m/n on input line 41.
LaTeX Font Info:    ... okay on input line 41.
LaTeX Font Info:    Checking defaults for U/cmr/m/n on input line 41.
LaTeX Font Info:    ... okay on input line 41.
LaTeX Font Info:    Checking defaults for PD1/pdf/m/n on input line 41.
LaTeX Font Info:    ... okay on input line 41.
LaTeX Font Info:    Try loading font information for T1+ppl on input line 41.
 (/usr/local/texlive/2016/texmf-dist/tex/latex/psnfss/t1ppl.fd
File: t1ppl.fd 2001/06/04 font definitions for T1/ppl.
)
(/usr/local/texlive/2016/texmf-dist/tex/latex/ucs/ucsencs.def
File: ucsencs.def 2011/01/21 Fixes to fontencodings LGR, T3
)
(/usr/local/texlive/2016/texmf-dist/tex/context/base/mkii/supp-pdf.mkii
[Loading MPS to PDF converter (version 2006.09.02).]
\scratchcounter=\count155
\scratchdimen=\dimen143
\scratchbox=\box38
\nofMPsegments=\count156
\nofMParguments=\count157
\everyMPshowfont=\toks38
\MPscratchCnt=\count158
\MPscratchDim=\dimen144
\MPnumerator=\count159
\makeMPintoPDFobject=\count160
\everyMPtoPDFconversion=\toks39
) (/usr/local/texlive/2016/texmf-dist/tex/latex/oberdiek/epstopdf-base.sty
Package: epstopdf-base 2016/05/15 v2.6 Base part for package epstopdf

(/usr/local/texlive/2016/texmf-dist/tex/latex/oberdiek/grfext.sty
Package: grfext 2016/05/16 v1.2 Manage graphics extensions (HO)
)
Package grfext Info: Graphics extension search list:
(grfext)             [.png,.pdf,.jpg,.mps,.jpeg,.jbig2,.jb2,.PNG,.PDF,.JPG,.JPE
G,.JBIG2,.JB2,.eps]
(grfext)             \AppendGraphicsExtensions on input line 456.

(/usr/local/texlive/2016/texmf-dist/tex/latex/latexconfig/epstopdf-sys.cfg
File: epstopdf-sys.cfg 2010/07/13 v1.3 Configuration of (r)epstopdf for TeX Liv
e
))
LaTeX Info: Redefining \microtypecontext on input line 41.
Package microtype Info: Generating PDF output.
Package microtype Info: Character protrusion enabled (level 2).
Package microtype Info: Using default protrusion set `alltext'.
Package microtype Info: Automatic font expansion enabled (level 2),
(microtype)             stretch: 20, shrink: 20, step: 1, non-selected.
Package microtype Info: Using default expansion set `basictext'.
Package microtype Info: No adjustment of tracking.
Package microtype Info: No adjustment of interword spacing.
Package microtype Info: No adjustment of character kerning.

(/usr/local/texlive/2016/texmf-dist/tex/latex/microtype/mt-ppl.cfg
File: mt-ppl.cfg 2005/11/16 v1.6 microtype config. file: Palatino (RS)
)
\c@lstlisting=\count161
Package caption Info: Begin \AtBeginDocument code.
Package caption Info: hyperref package is loaded.
Package caption Info: longtable package is loaded.

(/usr/local/texlive/2016/texmf-dist/tex/latex/caption/ltcaption.sty
Package: ltcaption 2013/06/09 v1.4-94 longtable captions (AR)
)
Package caption Info: supertabular package is loaded.
Package caption Info: End \AtBeginDocument code.
\AtBeginShipoutBox=\box39
Package backref Info: ** backref set up for natbib ** on input line 41.
Package hyperref Info: Link coloring ON on input line 41.

(/usr/local/texlive/2016/texmf-dist/tex/latex/hyperref/nameref.sty
Package: nameref 2012/10/27 v2.43 Cross-referencing by name of section

(/usr/local/texlive/2016/texmf-dist/tex/generic/oberdiek/gettitlestring.sty
Package: gettitlestring 2016/05/16 v1.5 Cleanup title references (HO)
)
\c@section@level=\count162
)
LaTeX Info: Redefining \ref on input line 41.
LaTeX Info: Redefining \pageref on input line 41.
LaTeX Info: Redefining \nameref on input line 41.

(./Vorlage_BA2_by.fat.out) (./Vorlage_BA2_by.fat.out)
\@outlinefile=\write6
\openout6 = `Vorlage_BA2_by.fat.out'.

 (./content/title.tex
LaTeX Font Info:    Try loading font information for T1+lmss on input line 28.

(/usr/local/texlive/2016/texmf-dist/tex/latex/lm/t1lmss.fd
File: t1lmss.fd 2009/10/30 v1.6 Font defs for Latin Modern
)
Package microtype Info: Loading generic settings for font family
(microtype)             `lmss' (encoding: T1).
(microtype)             For optimal results, create family-specific settings.
(microtype)             See the microtype manual for details.
LaTeX Font Info:    Try loading font information for OT1+lmr on input line 30.

(/usr/local/texlive/2016/texmf-dist/tex/latex/lm/ot1lmr.fd
File: ot1lmr.fd 2009/10/30 v1.6 Font defs for Latin Modern
)<<ot1.cmap>>
(/usr/local/texlive/2016/texmf-dist/tex/latex/microtype/mt-cmr.cfg
File: mt-cmr.cfg 2013/05/19 v2.2 microtype config. file: Computer Modern Roman 
(RS)
)
LaTeX Font Info:    Try loading font information for OML+lmm on input line 30.

(/usr/local/texlive/2016/texmf-dist/tex/latex/lm/omllmm.fd
File: omllmm.fd 2009/10/30 v1.6 Font defs for Latin Modern
)<<oml.cmap>>
LaTeX Font Info:    Try loading font information for OMS+lmsy on input line 30.


(/usr/local/texlive/2016/texmf-dist/tex/latex/lm/omslmsy.fd
File: omslmsy.fd 2009/10/30 v1.6 Font defs for Latin Modern
)<<oms.cmap>>
LaTeX Font Info:    Try loading font information for OMX+lmex on input line 30.


(/usr/local/texlive/2016/texmf-dist/tex/latex/lm/omxlmex.fd
File: omxlmex.fd 2009/10/30 v1.6 Font defs for Latin Modern
)
LaTeX Font Info:    External font `lmex10' loaded for size
(Font)              <10.95> on input line 30.
<<omx.cmap>>
LaTeX Font Info:    External font `lmex10' loaded for size
(Font)              <8> on input line 30.
LaTeX Font Info:    External font `lmex10' loaded for size
(Font)              <6> on input line 30.
LaTeX Font Info:    Font shape `T1/ppl/bx/n' in size <10.95> not available
(Font)              Font shape `T1/ppl/b/n' tried instead on input line 41.
Package babel Info: Redefining ngerman shorthand "|
(babel)             in language  on input line 53.
Package babel Info: Redefining ngerman shorthand "~
(babel)             in language  on input line 53.
Package babel Info: Redefining ngerman shorthand "|
(babel)             in language  on input line 53.
Package babel Info: Redefining ngerman shorthand "~
(babel)             in language  on input line 53.

[-2

\openout4 = `Vorlage_BA2_by.fat.ist'.


{/usr/local/texlive/2016/texmf-var/fonts/map/pdftex/updmap/pdftex.map}]
Package babel Info: Redefining ngerman shorthand "|
(babel)             in language  on input line 56.
Package babel Info: Redefining ngerman shorthand "~
(babel)             in language  on input line 56.
Package babel Info: Redefining ngerman shorthand "|
(babel)             in language  on input line 56.
Package babel Info: Redefining ngerman shorthand "~
(babel)             in language  on input line 56.
pdfTeX warning (ext4): destination with the same identifier (name{page.}) has b
een already used, duplicate ignored
<to be read again> 
                   \relax 
l.56 	\newpage
               [-1] <../fh_logo.png, id=147, 16.863pt x 10.8405pt>
File: ../fh_logo.png Graphic file (type png)

<use ../fh_logo.png>
Package pdftex.def Info: ../fh_logo.png used on input line 62.
(pdftex.def)             Requested size: 125.47794pt x 80.6814pt.
Package babel Info: Redefining ngerman shorthand "|
(babel)             in language  on input line 106.
Package babel Info: Redefining ngerman shorthand "~
(babel)             in language  on input line 106.
Package babel Info: Redefining ngerman shorthand "|
(babel)             in language  on input line 106.
Package babel Info: Redefining ngerman shorthand "~
(babel)             in language  on input line 106.
pdfTeX warning (ext4): destination with the same identifier (name{page.}) has b
een already used, duplicate ignored
<to be read again> 
                   \relax 
l.106 \end{titlepage}
                      [0 <../fh_logo.png>]) (./content/eidesstattliche.tex)
Package babel Info: Redefining ngerman shorthand "|
(babel)             in language  on input line 49.
Package babel Info: Redefining ngerman shorthand "~
(babel)             in language  on input line 49.
Package babel Info: Redefining ngerman shorthand "|
(babel)             in language  on input line 49.
Package babel Info: Redefining ngerman shorthand "~
(babel)             in language  on input line 49.

[1

]
Package tocbasic Info: character protrusion at toc deactivated on input line 49
.
 (./Vorlage_BA2_by.fat.toc
Package babel Info: Redefining ngerman shorthand "|
(babel)             in language  on input line 31.
Package babel Info: Redefining ngerman shorthand "~
(babel)             in language  on input line 31.
Package babel Info: Redefining ngerman shorthand "|
(babel)             in language  on input line 31.
Package babel Info: Redefining ngerman shorthand "~
(babel)             in language  on input line 31.
 [2

])
\tf@toc=\write7
\openout7 = `Vorlage_BA2_by.fat.toc'.

Package babel Info: Redefining ngerman shorthand "|
(babel)             in language  on input line 50.
Package babel Info: Redefining ngerman shorthand "~
(babel)             in language  on input line 50.
Package babel Info: Redefining ngerman shorthand "|
(babel)             in language  on input line 50.
Package babel Info: Redefining ngerman shorthand "~
(babel)             in language  on input line 50.
 [3]
Package babel Info: Redefining ngerman shorthand "|
(babel)             in language  on input line 51.
Package babel Info: Redefining ngerman shorthand "~
(babel)             in language  on input line 51.
Package tocbasic Info: character protrusion at lot deactivated on input line 51
.
 (./Vorlage_BA2_by.fat.lot)
\tf@lot=\write8
\openout8 = `Vorlage_BA2_by.fat.lot'.

Package babel Info: Redefining ngerman shorthand "|
(babel)             in language  on input line 52.
Package babel Info: Redefining ngerman shorthand "~
(babel)             in language  on input line 52.
Package babel Info: Redefining ngerman shorthand "|
(babel)             in language  on input line 52.
Package babel Info: Redefining ngerman shorthand "~
(babel)             in language  on input line 52.
 [4


]
Package babel Info: Redefining ngerman shorthand "|
(babel)             in language  on input line 52.
Package babel Info: Redefining ngerman shorthand "~
(babel)             in language  on input line 52.
Package tocbasic Info: character protrusion at lof deactivated on input line 52
.

(./Vorlage_BA2_by.fat.lof)
\tf@lof=\write9
\openout9 = `Vorlage_BA2_by.fat.lof'.


No file Vorlage_BA2_by.fat.gls.
Package babel Info: Redefining ngerman shorthand "|
(babel)             in language  on input line 55.
Package babel Info: Redefining ngerman shorthand "~
(babel)             in language  on input line 55.
Package babel Info: Redefining ngerman shorthand "|
(babel)             in language  on input line 55.
Package babel Info: Redefining ngerman shorthand "~
(babel)             in language  on input line 55.
[5

] (./content/exsummary.tex
Package babel Info: Redefining ngerman shorthand "|
(babel)             in language  on input line 17.
Package babel Info: Redefining ngerman shorthand "~
(babel)             in language  on input line 17.
Package babel Info: Redefining ngerman shorthand "|
(babel)             in language  on input line 17.
Package babel Info: Redefining ngerman shorthand "~
(babel)             in language  on input line 17.
 [6


])
Package babel Info: Redefining ngerman shorthand "|
(babel)             in language  on input line 62.
Package babel Info: Redefining ngerman shorthand "~
(babel)             in language  on input line 62.
Package babel Info: Redefining ngerman shorthand "|
(babel)             in language  on input line 62.
Package babel Info: Redefining ngerman shorthand "~
(babel)             in language  on input line 62.
 [7

] (./content/mainmatter.tex
chapter 1.
Package babel Info: Redefining ngerman shorthand "|
(babel)             in language  on input line 19.
Package babel Info: Redefining ngerman shorthand "~
(babel)             in language  on input line 19.

Class scrreprt Warning: \float@addtolists detected!
(scrreprt)              Implementation of \float@addtolist became
(scrreprt)              deprecated in KOMA-Script v3.01 2008/11/14 and
(scrreprt)              has been replaced by several more flexible
(scrreprt)              features of package `tocbasic`.
(scrreprt)              Since Version 3.12 support for deprecated
(scrreprt)              \float@addtolist interface has been
(scrreprt)              restricted to only some of the KOMA-Script
(scrreprt)              features and been removed from others.
(scrreprt)              Loading of package `scrhack' may help to
(scrreprt)              avoid this warning, if you are using a
(scrreprt)              a package that still implements the
(scrreprt)              deprecated \float@addtolist interface .

Package babel Info: Redefining ngerman shorthand "|
(babel)             in language  on input line 24.
Package babel Info: Redefining ngerman shorthand "~
(babel)             in language  on input line 24.
LaTeX Font Info:    External font `lmex10' loaded for size
(Font)              <9> on input line 26.
LaTeX Font Info:    External font `lmex10' loaded for size
(Font)              <5> on input line 26.
Package babel Info: Redefining ngerman shorthand "|
(babel)             in language  on input line 32.
Package babel Info: Redefining ngerman shorthand "~
(babel)             in language  on input line 32.
Package babel Info: Redefining ngerman shorthand "|
(babel)             in language  on input line 32.
Package babel Info: Redefining ngerman shorthand "~
(babel)             in language  on input line 32.
[1


]
Package babel Info: Redefining ngerman shorthand "|
(babel)             in language  on input line 36.
Package babel Info: Redefining ngerman shorthand "~
(babel)             in language  on input line 36.
Package babel Info: Redefining ngerman shorthand "|
(babel)             in language  on input line 41.
Package babel Info: Redefining ngerman shorthand "~
(babel)             in language  on input line 41.
Package babel Info: Redefining ngerman shorthand "|
(babel)             in language  on input line 41.
Package babel Info: Redefining ngerman shorthand "~
(babel)             in language  on input line 41.
 [2] <../uwan.png, id=250, 764.6166pt x 292.9344pt>
File: ../uwan.png Graphic file (type png)
 <use ../uwan.png>
Package pdftex.def Info: ../uwan.png used on input line 45.
(pdftex.def)             Requested size: 418.25555pt x 160.2428pt.
LaTeX Font Info:    Font shape `T1/ppl/bx/n' in size <10> not available
(Font)              Font shape `T1/ppl/b/n' tried instead on input line 46.
LaTeX Font Info:    Font shape `T1/ppl/bx/it' in size <10> not available
(Font)              Font shape `T1/ppl/b/it' tried instead on input line 46.
Package babel Info: Redefining ngerman shorthand "|
(babel)             in language  on input line 52.
Package babel Info: Redefining ngerman shorthand "~
(babel)             in language  on input line 52.
Package babel Info: Redefining ngerman shorthand "|
(babel)             in language  on input line 58.
Package babel Info: Redefining ngerman shorthand "~
(babel)             in language  on input line 58.
Package babel Info: Redefining ngerman shorthand "|
(babel)             in language  on input line 58.
Package babel Info: Redefining ngerman shorthand "~
(babel)             in language  on input line 58.

[3 <../uwan.png>]
Package babel Info: Redefining ngerman shorthand "|
(babel)             in language  on input line 59.
Package babel Info: Redefining ngerman shorthand "~
(babel)             in language  on input line 59.
Package babel Info: Redefining ngerman shorthand "|
(babel)             in language  on input line 71.
Package babel Info: Redefining ngerman shorthand "~
(babel)             in language  on input line 71.
Package babel Info: Redefining ngerman shorthand "|
(babel)             in language  on input line 71.
Package babel Info: Redefining ngerman shorthand "~
(babel)             in language  on input line 71.
 [4]
chapter 2.
Package babel Info: Redefining ngerman shorthand "|
(babel)             in language  on input line 71.
Package babel Info: Redefining ngerman shorthand "~
(babel)             in language  on input line 71.
Package babel Info: Redefining ngerman shorthand "|
(babel)             in language  on input line 76.
Package babel Info: Redefining ngerman shorthand "~
(babel)             in language  on input line 76.
Package babel Info: Redefining ngerman shorthand "|
(babel)             in language  on input line 83.
Package babel Info: Redefining ngerman shorthand "~
(babel)             in language  on input line 83.
Package babel Info: Redefining ngerman shorthand "|
(babel)             in language  on input line 83.
Package babel Info: Redefining ngerman shorthand "~
(babel)             in language  on input line 83.
[5

]
Package babel Info: Redefining ngerman shorthand "|
(babel)             in language  on input line 85.
Package babel Info: Redefining ngerman shorthand "~
(babel)             in language  on input line 85.
LaTeX Font Info:    Try loading font information for OMS+ppl on input line 92.
 (/usr/local/texlive/2016/texmf-dist/tex/latex/psnfss/omsppl.fd
File: omsppl.fd 
)
LaTeX Font Info:    Font shape `OMS/ppl/m/n' in size <10.95> not available
(Font)              Font shape `OMS/cmsy/m/n' tried instead on input line 92.
Package babel Info: Redefining ngerman shorthand "|
(babel)             in language  on input line 95.
Package babel Info: Redefining ngerman shorthand "~
(babel)             in language  on input line 95.
Package babel Info: Redefining ngerman shorthand "|
(babel)             in language  on input line 95.
Package babel Info: Redefining ngerman shorthand "~
(babel)             in language  on input line 95.
 [6]
Package babel Info: Redefining ngerman shorthand "|
(babel)             in language  on input line 99.
Package babel Info: Redefining ngerman shorthand "~
(babel)             in language  on input line 99.
Package babel Info: Redefining ngerman shorthand "|
(babel)             in language  on input line 106.
Package babel Info: Redefining ngerman shorthand "~
(babel)             in language  on input line 106.
Package babel Info: Redefining ngerman shorthand "|
(babel)             in language  on input line 106.
Package babel Info: Redefining ngerman shorthand "~
(babel)             in language  on input line 106.

[7]
Package babel Info: Redefining ngerman shorthand "|
(babel)             in language  on input line 107.
Package babel Info: Redefining ngerman shorthand "~
(babel)             in language  on input line 107.
Package babel Info: Redefining ngerman shorthand "|
(babel)             in language  on input line 111.
Package babel Info: Redefining ngerman shorthand "~
(babel)             in language  on input line 111.
Package babel Info: Redefining ngerman shorthand "|
(babel)             in language  on input line 111.
Package babel Info: Redefining ngerman shorthand "~
(babel)             in language  on input line 111.
 [8]
Package babel Info: Redefining ngerman shorthand "|
(babel)             in language  on input line 115.
Package babel Info: Redefining ngerman shorthand "~
(babel)             in language  on input line 115.
Package babel Info: Redefining ngerman shorthand "|
(babel)             in language  on input line 119.
Package babel Info: Redefining ngerman shorthand "~
(babel)             in language  on input line 119.
Package babel Info: Redefining ngerman shorthand "|
(babel)             in language  on input line 119.
Package babel Info: Redefining ngerman shorthand "~
(babel)             in language  on input line 119.
 [9]
Package babel Info: Redefining ngerman shorthand "|
(babel)             in language  on input line 122.
Package babel Info: Redefining ngerman shorthand "~
(babel)             in language  on input line 122.
Package babel Info: Redefining ngerman shorthand "|
(babel)             in language  on input line 128.
Package babel Info: Redefining ngerman shorthand "~
(babel)             in language  on input line 128.
Package babel Info: Redefining ngerman shorthand "|
(babel)             in language  on input line 128.
Package babel Info: Redefining ngerman shorthand "~
(babel)             in language  on input line 128.
 [10]
Package babel Info: Redefining ngerman shorthand "|
(babel)             in language  on input line 137.
Package babel Info: Redefining ngerman shorthand "~
(babel)             in language  on input line 137.
Package babel Info: Redefining ngerman shorthand "|
(babel)             in language  on input line 140.
Package babel Info: Redefining ngerman shorthand "~
(babel)             in language  on input line 140.
Package babel Info: Redefining ngerman shorthand "|
(babel)             in language  on input line 140.
Package babel Info: Redefining ngerman shorthand "~
(babel)             in language  on input line 140.
 [11]
Package babel Info: Redefining ngerman shorthand "|
(babel)             in language  on input line 148.
Package babel Info: Redefining ngerman shorthand "~
(babel)             in language  on input line 148.
Package babel Info: Redefining ngerman shorthand "|
(babel)             in language  on input line 148.
Package babel Info: Redefining ngerman shorthand "~
(babel)             in language  on input line 148.
 [12]
chapter 3.
Package babel Info: Redefining ngerman shorthand "|
(babel)             in language  on input line 148.
Package babel Info: Redefining ngerman shorthand "~
(babel)             in language  on input line 148.
Package babel Info: Redefining ngerman shorthand "|
(babel)             in language  on input line 153.
Package babel Info: Redefining ngerman shorthand "~
(babel)             in language  on input line 153.
Package babel Info: Redefining ngerman shorthand "|
(babel)             in language  on input line 158.
Package babel Info: Redefining ngerman shorthand "~
(babel)             in language  on input line 158.
Package babel Info: Redefining ngerman shorthand "|
(babel)             in language  on input line 162.
Package babel Info: Redefining ngerman shorthand "~
(babel)             in language  on input line 162.
Package babel Info: Redefining ngerman shorthand "|
(babel)             in language  on input line 162.
Package babel Info: Redefining ngerman shorthand "~
(babel)             in language  on input line 162.
[13

]
Package babel Info: Redefining ngerman shorthand "|
(babel)             in language  on input line 172.
Package babel Info: Redefining ngerman shorthand "~
(babel)             in language  on input line 172.
Package babel Info: Redefining ngerman shorthand "|
(babel)             in language  on input line 183.
Package babel Info: Redefining ngerman shorthand "~
(babel)             in language  on input line 183.
Package babel Info: Redefining ngerman shorthand "|
(babel)             in language  on input line 187.
Package babel Info: Redefining ngerman shorthand "~
(babel)             in language  on input line 187.
Package babel Info: Redefining ngerman shorthand "|
(babel)             in language  on input line 187.
Package babel Info: Redefining ngerman shorthand "~
(babel)             in language  on input line 187.
 [14]

LaTeX Warning: `h' float specifier changed to `ht'.


LaTeX Warning: `h' float specifier changed to `ht'.

Package babel Info: Redefining ngerman shorthand "|
(babel)             in language  on input line 237.
Package babel Info: Redefining ngerman shorthand "~
(babel)             in language  on input line 237.
Package babel Info: Redefining ngerman shorthand "|
(babel)             in language  on input line 237.
Package babel Info: Redefining ngerman shorthand "~
(babel)             in language  on input line 237.
[15]
Package babel Info: Redefining ngerman shorthand "|
(babel)             in language  on input line 238.
Package babel Info: Redefining ngerman shorthand "~
(babel)             in language  on input line 238.
Package babel Info: Redefining ngerman shorthand "|
(babel)             in language  on input line 244.
Package babel Info: Redefining ngerman shorthand "~
(babel)             in language  on input line 244.
Package babel Info: Redefining ngerman shorthand "|
(babel)             in language  on input line 244.
Package babel Info: Redefining ngerman shorthand "~
(babel)             in language  on input line 244.
 [16]
Package babel Info: Redefining ngerman shorthand "|
(babel)             in language  on input line 259.
Package babel Info: Redefining ngerman shorthand "~
(babel)             in language  on input line 259.
Package babel Info: Redefining ngerman shorthand "|
(babel)             in language  on input line 265.
Package babel Info: Redefining ngerman shorthand "~
(babel)             in language  on input line 265.
Package babel Info: Redefining ngerman shorthand "|
(babel)             in language  on input line 265.
Package babel Info: Redefining ngerman shorthand "~
(babel)             in language  on input line 265.
 [17]
Package babel Info: Redefining ngerman shorthand "|
(babel)             in language  on input line 269.
Package babel Info: Redefining ngerman shorthand "~
(babel)             in language  on input line 269.
Package babel Info: Redefining ngerman shorthand "|
(babel)             in language  on input line 276.
Package babel Info: Redefining ngerman shorthand "~
(babel)             in language  on input line 276.
Package babel Info: Redefining ngerman shorthand "|
(babel)             in language  on input line 276.
Package babel Info: Redefining ngerman shorthand "~
(babel)             in language  on input line 276.
 [18]
Package babel Info: Redefining ngerman shorthand "|
(babel)             in language  on input line 284.
Package babel Info: Redefining ngerman shorthand "~
(babel)             in language  on input line 284.
Package babel Info: Redefining ngerman shorthand "|
(babel)             in language  on input line 288.
Package babel Info: Redefining ngerman shorthand "~
(babel)             in language  on input line 288.
Package babel Info: Redefining ngerman shorthand "|
(babel)             in language  on input line 299.
Package babel Info: Redefining ngerman shorthand "~
(babel)             in language  on input line 299.
Package babel Info: Redefining ngerman shorthand "|
(babel)             in language  on input line 299.
Package babel Info: Redefining ngerman shorthand "~
(babel)             in language  on input line 299.
 [19]
Package babel Info: Redefining ngerman shorthand "|
(babel)             in language  on input line 300.
Package babel Info: Redefining ngerman shorthand "~
(babel)             in language  on input line 300.

Overfull \hbox (11.73105pt too wide) in paragraph at lines 304--306
\T1/ppl/m/n/10.95 (-20) wer-den www.bergfex.at, www.alpenvereinaktiv.com/de und
 www.outdooractive.com/de/
 []

Package babel Info: Redefining ngerman shorthand "|
(babel)             in language  on input line 313.
Package babel Info: Redefining ngerman shorthand "~
(babel)             in language  on input line 313.
Package babel Info: Redefining ngerman shorthand "|
(babel)             in language  on input line 316.
Package babel Info: Redefining ngerman shorthand "~
(babel)             in language  on input line 316.
Package babel Info: Redefining ngerman shorthand "|
(babel)             in language  on input line 316.
Package babel Info: Redefining ngerman shorthand "~
(babel)             in language  on input line 316.
[20]
Package babel Info: Redefining ngerman shorthand "|
(babel)             in language  on input line 342.
Package babel Info: Redefining ngerman shorthand "~
(babel)             in language  on input line 342.
Package babel Info: Redefining ngerman shorthand "|
(babel)             in language  on input line 342.
Package babel Info: Redefining ngerman shorthand "~
(babel)             in language  on input line 342.
 [21]
chapter 4.
Package babel Info: Redefining ngerman shorthand "|
(babel)             in language  on input line 342.
Package babel Info: Redefining ngerman shorthand "~
(babel)             in language  on input line 342.
Package babel Info: Redefining ngerman shorthand "|
(babel)             in language  on input line 345.
Package babel Info: Redefining ngerman shorthand "~
(babel)             in language  on input line 345.
)
Package babel Info: Redefining ngerman shorthand "|
(babel)             in language  on input line 74.
Package babel Info: Redefining ngerman shorthand "~
(babel)             in language  on input line 74.
Package babel Info: Redefining ngerman shorthand "|
(babel)             in language  on input line 74.
Package babel Info: Redefining ngerman shorthand "~
(babel)             in language  on input line 74.
 [22

] (./content/appendix.tex
chapter A.
Package babel Info: Redefining ngerman shorthand "|
(babel)             in language  on input line 14.
Package babel Info: Redefining ngerman shorthand "~
(babel)             in language  on input line 14.
Package babel Info: Redefining ngerman shorthand "|
(babel)             in language  on input line 18.
Package babel Info: Redefining ngerman shorthand "~
(babel)             in language  on input line 18.
Package babel Info: Redefining ngerman shorthand "|
(babel)             in language  on input line 18.
Package babel Info: Redefining ngerman shorthand "~
(babel)             in language  on input line 18.
[23


]
chapter B.
Package babel Info: Redefining ngerman shorthand "|
(babel)             in language  on input line 18.
Package babel Info: Redefining ngerman shorthand "~
(babel)             in language  on input line 18.
)
Package babel Info: Redefining ngerman shorthand "|
(babel)             in language  on input line 78.
Package babel Info: Redefining ngerman shorthand "~
(babel)             in language  on input line 78.
Package babel Info: Redefining ngerman shorthand "|
(babel)             in language  on input line 78.
Package babel Info: Redefining ngerman shorthand "~
(babel)             in language  on input line 78.
 [24

] (./Vorlage_BA2_by.fat.bbl (./Vorlage_BA2_by.fat.brf)
\tf@brf=\write10
\openout10 = `Vorlage_BA2_by.fat.brf'.


chapter without number
Package babel Info: Redefining ngerman shorthand "|
(babel)             in language  on input line 1.
Package babel Info: Redefining ngerman shorthand "~
(babel)             in language  on input line 1.
LaTeX Font Info:    Try loading font information for T1+pcr on input line 41.
(/usr/local/texlive/2016/texmf-dist/tex/latex/psnfss/t1pcr.fd
File: t1pcr.fd 2001/06/04 font definitions for T1/pcr.
)
Package microtype Info: Loading generic settings for font family
(microtype)             `pcr' (encoding: T1).
(microtype)             For optimal results, create family-specific settings.
(microtype)             See the microtype manual for details.

Underfull \hbox (badness 10000) in paragraph at lines 41--41
\T1/ppl/m/sc/10.95 (+20) Aus-tria\T1/ppl/m/n/10.95 (+20) , Mo-bi-le Mar-ke-ting
 A.:  \T1/ppl/m/it/10.95 (+20) Mobile-Marketing-Studie: s-ter-rei-
 []


Underfull \hbox (badness 7869) in paragraph at lines 41--41
\T1/ppl/m/it/10.95 (+20) cher in-ter-a-gie-ren mit ih-rem Mo-bil-te-le-fon be-r
eits mehr als drei Stun-den pro
 []


Underfull \hbox (badness 10000) in paragraph at lines 41--41
\T1/ppl/m/it/10.95 (+20) Tag\T1/ppl/m/n/10.95 (+20) .  [][]$\T1/pcr/m/n/10.95 h
ttps : / / www . mmaaustria . at / single-[]post / 2017 / 10 / 18 /
 []


Overfull \hbox (325.66994pt too wide) in paragraph at lines 41--41
\T1/pcr/m/n/10.95 Mobile-[]Marketing-[]Studie-[]sterreicher-[]interagieren-[]m
it-[]ihrem-[]Mobiltelefon-[]bereits-[]mehr-[]als-[]drei-[]Stunden-[]pro-[]Tag$[
][]
 []

Package babel Info: Redefining ngerman shorthand "|
(babel)             in language  on input line 76.
Package babel Info: Redefining ngerman shorthand "~
(babel)             in language  on input line 76.
Package babel Info: Redefining ngerman shorthand "|
(babel)             in language  on input line 76.
Package babel Info: Redefining ngerman shorthand "~
(babel)             in language  on input line 76.
[25

]
Package babel Info: Redefining ngerman shorthand "|
(babel)             in language  on input line 140.
Package babel Info: Redefining ngerman shorthand "~
(babel)             in language  on input line 140.
Package babel Info: Redefining ngerman shorthand "|
(babel)             in language  on input line 140.
Package babel Info: Redefining ngerman shorthand "~
(babel)             in language  on input line 140.
 [26]
Underfull \hbox (badness 10000) in paragraph at lines 152--152
\T1/pcr/m/n/10.95 / / www . e-[]teaching . org / didaktik / theorie / informell
eslernen / Web2 .
 []


Underfull \hbox (badness 1502) in paragraph at lines 183--183
\T1/ppl/m/it/10.95 (+20) s-ter-reich von De-zem-ber 2015 bis Mrz 2018\T1/ppl/
m/n/10.95 (+20) .  [][]$\T1/pcr/m/n/10.95 https : / / de . statista . com .
 []


Underfull \hbox (badness 10000) in paragraph at lines 183--183
\T1/pcr/m/n/10.95 bibproxy . fh-[]kufstein . ac . at / statistik / daten / stud
ie / 303829 /
 []

Package babel Info: Redefining ngerman shorthand "|
(babel)             in language  on input line 194.
Package babel Info: Redefining ngerman shorthand "~
(babel)             in language  on input line 194.
Package babel Info: Redefining ngerman shorthand "|
(babel)             in language  on input line 194.
Package babel Info: Redefining ngerman shorthand "~
(babel)             in language  on input line 194.
[27])
Package atveryend Info: Empty hook `BeforeClearDocument' on input line 85.
Package babel Info: Redefining ngerman shorthand "|
(babel)             in language  on input line 85.
Package babel Info: Redefining ngerman shorthand "~
(babel)             in language  on input line 85.
Package babel Info: Redefining ngerman shorthand "|
(babel)             in language  on input line 85.
Package babel Info: Redefining ngerman shorthand "~
(babel)             in language  on input line 85.
 [28]
Package atveryend Info: Empty hook `AfterLastShipout' on input line 85.
 (./Vorlage_BA2_by.fat.aux)
Package atveryend Info: Executing hook `AtVeryEndDocument' on input line 85.
Package atveryend Info: Executing hook `AtEndAfterFileList' on input line 85.
Package rerunfilecheck Info: File `Vorlage_BA2_by.fat.out' has not changed.
(rerunfilecheck)             Checksum: CA21A25260FFE9E0A53F370EF1B4A5FE;2367.
Package rerunfilecheck Info: File `Vorlage_BA2_by.fat.brf' has not changed.
(rerunfilecheck)             Checksum: 4569BCC25FF3235E91311B3BB1C4268C;1843.


LaTeX Warning: There were multiply-defined labels.

Package atveryend Info: Empty hook `AtVeryVeryEnd' on input line 85.
 ) 
Here is how much of TeX's memory you used:
 19881 strings out of 493014
 315352 string characters out of 6133350
 733071 words of memory out of 5000000
 22490 multiletter control sequences out of 15000+600000
 88454 words of font info for 267 fonts, out of 8000000 for 9000
 1141 hyphenation exceptions out of 8191
 60i,10n,77p,8573b,599s stack positions out of 5000i,500n,10000p,200000b,80000s
{/usr/local/texlive/2016/texmf-dist/fonts/enc/dvips/base/8r.enc}{/usr/local/t
exlive/2016/texmf-dist/fonts/enc/dvips/lm/lm-rm.enc}{/usr/local/texlive/2016/te
xmf-dist/fonts/enc/dvips/lm/lm-ec.enc}</usr/local/texlive/2016/texmf-dist/fonts
/type1/public/amsfonts/cm/cmsy10.pfb></usr/local/texlive/2016/texmf-dist/fonts/
type1/public/lm/lmr10.pfb></usr/local/texlive/2016/texmf-dist/fonts/type1/publi
c/lm/lmssbx10.pfb></usr/local/texlive/2016/texmf-dist/fonts/type1/urw/courier/u
crr8a.pfb></usr/local/texlive/2016/texmf-dist/fonts/type1/urw/palatino/uplb8a.p
fb></usr/local/texlive/2016/texmf-dist/fonts/type1/urw/palatino/uplbi8a.pfb></u
sr/local/texlive/2016/texmf-dist/fonts/type1/urw/palatino/uplr8a.pfb></usr/loca
l/texlive/2016/texmf-dist/fonts/type1/urw/palatino/uplr8a.pfb></usr/local/texli
ve/2016/texmf-dist/fonts/type1/urw/palatino/uplri8a.pfb>
Output written on Vorlage_BA2_by.fat.pdf (38 pages, 323722 bytes).
PDF statistics:
 637 PDF objects out of 1000 (max. 8388607)
 573 compressed objects within 6 object streams
 148 named destinations out of 1000 (max. 500000)
 44319 words of extra memory for PDF output out of 51595 (max. 10000000)

