\BOOKMARK [0][]{chapter*.3}{Tabellenverzeichnis}{}% 1
\BOOKMARK [0][]{chapter*.4}{Abbildungsverzeichnis}{}% 2
\BOOKMARK [0][]{chapter.1}{1 Einleitung}{}% 3
\BOOKMARK [1][-]{section.1.1}{1.1 Ausgangssituation}{chapter.1}% 4
\BOOKMARK [1][-]{section.1.2}{1.2 Problemstellung}{chapter.1}% 5
\BOOKMARK [1][-]{section.1.3}{1.3 Zielsetzung und Forschungsfrage}{chapter.1}% 6
\BOOKMARK [1][-]{section.1.4}{1.4 Aufbau der Arbeit}{chapter.1}% 7
\BOOKMARK [0][]{chapter.2}{2 Grundlagen}{}% 8
\BOOKMARK [1][-]{section.2.1}{2.1 Web 2.0}{chapter.2}% 9
\BOOKMARK [2][-]{subsection.2.1.1}{2.1.1 Social Web}{section.2.1}% 10
\BOOKMARK [2][-]{subsection.2.1.2}{2.1.2 User-Generated Content}{section.2.1}% 11
\BOOKMARK [2][-]{subsection.2.1.3}{2.1.3 Vertrauensw\374rdigkeit von User-Generated Content}{section.2.1}% 12
\BOOKMARK [1][-]{section.2.2}{2.2 Mobile Applikationen und mobile Web-Applikationen}{chapter.2}% 13
\BOOKMARK [1][-]{section.2.3}{2.3 Entscheidung und Risikobewertung}{chapter.2}% 14
\BOOKMARK [1][-]{section.2.4}{2.4 Wandern und Risikobewertung einer Wandertour}{chapter.2}% 15
\BOOKMARK [0][]{chapter.3}{3 Forschungsmethodik}{}% 16
\BOOKMARK [1][-]{section.3.1}{3.1 Methodik}{chapter.3}% 17
\BOOKMARK [1][-]{section.3.2}{3.2 Beschreibung und Begr\374ndung der Methodenwahl}{chapter.3}% 18
\BOOKMARK [1][-]{section.3.3}{3.3 Das Experteninterview}{chapter.3}% 19
\BOOKMARK [2][-]{subsection.3.3.1}{3.3.1 Die Auswahl der Experten}{section.3.3}% 20
\BOOKMARK [1][-]{section.3.4}{3.4 Die Leitfadenentwicklung}{chapter.3}% 21
\BOOKMARK [1][-]{section.3.5}{3.5 Die Druchf\374rhung der Interviews}{chapter.3}% 22
\BOOKMARK [1][-]{section.3.6}{3.6 Auswertung}{chapter.3}% 23
\BOOKMARK [1][-]{section.3.7}{3.7 Ergebnisse}{chapter.3}% 24
\BOOKMARK [2][-]{subsection.3.7.1}{3.7.1 Einstiegsfrage - Wandern, fester Bestandteil des Lebens}{section.3.7}% 25
\BOOKMARK [2][-]{subsection.3.7.2}{3.7.2 Vorbereitung der Wandertour}{section.3.7}% 26
\BOOKMARK [2][-]{subsection.3.7.3}{3.7.3 Nutzen und Glaubw\374rdigkeit von User-Generated Content in Bezug auf Wandertouren}{section.3.7}% 27
\BOOKMARK [0][]{chapter.4}{4 Zusammenfassung und Ausblick}{}% 28
\BOOKMARK [1][-]{section.4.1}{4.1 Limitierung der Arbeit}{chapter.4}% 29
\BOOKMARK [0][]{appendix.A}{A Ein Anhang}{}% 30
\BOOKMARK [0][]{appendix.B}{B Noch ein Anhang}{}% 31
\BOOKMARK [0][]{chapter*.11}{Quellenverzeichnis}{}% 32
